{
  "RSpec": {
    "coverage": {
      "/Users/thedanielvogelsang/TuringFolder/3module/projects/youth_sports/app/helpers/application_helper.rb": [
        1,
        null
      ],
      "/Users/thedanielvogelsang/TuringFolder/3module/projects/youth_sports/app/helpers/players_helper.rb": [
        1,
        null
      ],
      "/Users/thedanielvogelsang/TuringFolder/3module/projects/youth_sports/app/helpers/stats_helper.rb": [
        1,
        null
      ],
      "/Users/thedanielvogelsang/TuringFolder/3module/projects/youth_sports/app/helpers/team_helper.rb": [
        1,
        null
      ],
      "/Users/thedanielvogelsang/TuringFolder/3module/projects/youth_sports/app/helpers/team/stats_helper.rb": [
        1,
        null
      ],
      "/Users/thedanielvogelsang/TuringFolder/3module/projects/youth_sports/app/models/team.rb": [
        1,
        1,
        1,
        1,
        1,
        null,
        null,
        1,
        null,
        3,
        1,
        null,
        null,
        1,
        null,
        3,
        1,
        null,
        null
      ],
      "/Users/thedanielvogelsang/TuringFolder/3module/projects/youth_sports/app/models/application_record.rb": [
        1,
        1,
        null
      ],
      "/Users/thedanielvogelsang/TuringFolder/3module/projects/youth_sports/app/helpers/teams_helper.rb": [
        1,
        null
      ],
      "/Users/thedanielvogelsang/TuringFolder/3module/projects/youth_sports/app/controllers/sessions_controller.rb": [
        1,
        1,
        0,
        null,
        0,
        null,
        0,
        null,
        0,
        0,
        0,
        0,
        0,
        0,
        null,
        0,
        null,
        0,
        null,
        null,
        null,
        null,
        null
      ],
      "/Users/thedanielvogelsang/TuringFolder/3module/projects/youth_sports/app/controllers/application_controller.rb": [
        1,
        1,
        1,
        null,
        1,
        0,
        null,
        null,
        null
      ],
      "/Users/thedanielvogelsang/TuringFolder/3module/projects/youth_sports/app/models/admin_profile.rb": [
        1,
        1,
        null
      ],
      "/Users/thedanielvogelsang/TuringFolder/3module/projects/youth_sports/app/models/coach_profile.rb": [
        1,
        1,
        null
      ],
      "/Users/thedanielvogelsang/TuringFolder/3module/projects/youth_sports/app/models/conversation.rb": [
        1,
        1,
        1,
        1,
        null,
        null,
        1,
        null,
        1,
        0,
        null,
        null,
        1,
        0,
        null,
        null,
        1,
        0,
        null,
        null
      ],
      "/Users/thedanielvogelsang/TuringFolder/3module/projects/youth_sports/app/models/personal_message.rb": [
        1,
        1,
        1,
        1,
        null
      ],
      "/Users/thedanielvogelsang/TuringFolder/3module/projects/youth_sports/app/models/player_profile.rb": [
        1,
        1,
        1,
        1,
        null
      ],
      "/Users/thedanielvogelsang/TuringFolder/3module/projects/youth_sports/app/models/player_stat.rb": [
        1,
        1,
        null,
        1,
        0,
        null,
        null
      ],
      "/Users/thedanielvogelsang/TuringFolder/3module/projects/youth_sports/app/models/prospect.rb": [
        1,
        1,
        1,
        null
      ],
      "/Users/thedanielvogelsang/TuringFolder/3module/projects/youth_sports/app/models/recruiter_profile.rb": [
        1,
        1,
        1,
        null
      ],
      "/Users/thedanielvogelsang/TuringFolder/3module/projects/youth_sports/app/models/recruiter.rb": [
        1,
        1,
        1,
        null
      ],
      "/Users/thedanielvogelsang/TuringFolder/3module/projects/youth_sports/app/models/user.rb": [
        1,
        1,
        1,
        1,
        null,
        1,
        null,
        1,
        0,
        null,
        null
      ],
      "/Users/thedanielvogelsang/TuringFolder/3module/projects/youth_sports/app/models/role.rb": [
        1,
        1,
        1,
        null
      ],
      "/Users/thedanielvogelsang/TuringFolder/3module/projects/youth_sports/app/models/team_player.rb": [
        1,
        1,
        1,
        null
      ],
      "/Users/thedanielvogelsang/TuringFolder/3module/projects/youth_sports/app/models/user_role.rb": [
        1,
        1,
        1,
        null
      ],
      "/Users/thedanielvogelsang/TuringFolder/3module/projects/youth_sports/app/controllers/home_controller.rb": [
        1,
        null,
        1,
        null,
        null,
        null
      ],
      "/Users/thedanielvogelsang/TuringFolder/3module/projects/youth_sports/app/models/player.rb": [
        1,
        1,
        1,
        1,
        1,
        1,
        1,
        null,
        1,
        3,
        null,
        null,
        1,
        3,
        null,
        null,
        1,
        3,
        null,
        null,
        1,
        3,
        null,
        null,
        1,
        3,
        null,
        null,
        1,
        3,
        null,
        null,
        1,
        0,
        null,
        null,
        1,
        0,
        null,
        null,
        1,
        0,
        null,
        null,
        1,
        0,
        0,
        null,
        null,
        null
      ],
      "/Users/thedanielvogelsang/TuringFolder/3module/projects/youth_sports/app/controllers/dashboard_controller.rb": [
        1,
        1,
        null,
        null,
        null,
        null
      ],
      "/Users/thedanielvogelsang/TuringFolder/3module/projects/youth_sports/app/controllers/players_controller.rb": [
        1,
        1,
        null,
        null,
        1,
        2,
        null,
        null
      ],
      "/Users/thedanielvogelsang/TuringFolder/3module/projects/youth_sports/app/models/team_coach.rb": [
        1,
        1,
        1,
        null
      ],
      "/Users/thedanielvogelsang/TuringFolder/3module/projects/youth_sports/app/models/coach.rb": [
        1,
        1,
        1,
        1,
        1,
        1,
        null,
        1,
        0,
        null,
        null,
        1,
        0,
        0,
        null,
        null,
        null,
        null,
        1,
        0,
        null,
        null,
        1,
        0,
        null,
        null,
        1,
        0,
        null,
        null,
        1,
        0,
        null,
        null
      ],
      "/Users/thedanielvogelsang/TuringFolder/3module/projects/youth_sports/app/controllers/teams/stats_controller.rb": [
        1,
        null,
        1,
        1,
        null,
        null,
        null
      ],
      "/Users/thedanielvogelsang/TuringFolder/3module/projects/youth_sports/app/channels/application_cable/channel.rb": [
        0,
        0,
        0,
        0
      ],
      "/Users/thedanielvogelsang/TuringFolder/3module/projects/youth_sports/app/channels/application_cable/connection.rb": [
        0,
        0,
        0,
        0
      ],
      "/Users/thedanielvogelsang/TuringFolder/3module/projects/youth_sports/app/controllers/personal_messages_controller.rb": [
        0,
        0,
        null,
        0,
        0,
        0,
        0,
        null,
        0,
        0,
        0,
        null,
        0,
        null,
        0,
        0,
        0,
        null,
        0,
        0,
        0,
        0,
        0,
        0
      ],
      "/Users/thedanielvogelsang/TuringFolder/3module/projects/youth_sports/app/controllers/teams_controller.rb": [
        0,
        0
      ],
      "/Users/thedanielvogelsang/TuringFolder/3module/projects/youth_sports/app/controllers/users/conversations_controller.rb": [
        0,
        0,
        0,
        null,
        0,
        0,
        0,
        null,
        0,
        0,
        0,
        null,
        0,
        null,
        0,
        0,
        0,
        null,
        0,
        0,
        0,
        0,
        null,
        0
      ],
      "/Users/thedanielvogelsang/TuringFolder/3module/projects/youth_sports/app/controllers/users_controller.rb": [
        0,
        0,
        0,
        0,
        0
      ],
      "/Users/thedanielvogelsang/TuringFolder/3module/projects/youth_sports/app/jobs/application_job.rb": [
        0,
        0
      ],
      "/Users/thedanielvogelsang/TuringFolder/3module/projects/youth_sports/app/mailers/application_mailer.rb": [
        0,
        0,
        0,
        0
      ],
      "/Users/thedanielvogelsang/TuringFolder/3module/projects/youth_sports/app/models/admin.rb": [
        0,
        0,
        0
      ]
    },
    "timestamp": 1504557022
  }
}
